<?xml version="1.0" encoding="UTF-8"?><testsuites time="15.868"><testsuite name="ClientSideHash Test" tests="10" failures="1" errors="0" time="11.302" timestamp="2014-10-31T01:49:48.147Z" package="ClientSideHashTest"><testcase name="title is as expected" classname="ClientSideHashTest" time="4.505"></testcase><testcase name="firstname input found" classname="ClientSideHashTest" time="0.94"></testcase><testcase name="lastname input found" classname="ClientSideHashTest" time="0.041"></testcase><testcase name="AccountType [name] input found" classname="ClientSideHashTest" time="0.028"></testcase><testcase name="email input found" classname="ClientSideHashTest" time="0.053"></testcase><testcase name="password input found" classname="ClientSideHashTest" time="0.207"></testcase><testcase name="confirmpassword input found" classname="ClientSideHashTest" time="0.022"></testcase><testcase name="register button found" classname="ClientSideHashTest" time="0.024"></testcase><testcase name="cancel button found" classname="ClientSideHashTest" time="0.001"></testcase><testcase name="http://localhost:9000/register/process did not load in 5000ms" classname="ClientSideHashTest" time="5.481"><error type="object">undefined</error><failure type="uncaughtError">http://localhost:9000/register/process did not load in 5000ms</failure></testcase><system-out></system-out></testsuite><testsuite name="Homepage Test" tests="7" failures="1" errors="0" time="2.025" timestamp="2014-10-31T01:49:48.149Z" package="HomepageTest"><testcase name="title is as expected" classname="HomepageTest" time="1.275"></testcase><testcase name="flight source input found" classname="HomepageTest" time="0.591"></testcase><testcase name="flight destination input found" classname="HomepageTest" time="0.031"></testcase><testcase name="flight departing input found" classname="HomepageTest" time="0.02"></testcase><testcase name="flight returning input found" classname="HomepageTest" time="0.026"></testcase><testcase name="find flight button found" classname="HomepageTest" time="0.025"></testcase><testcase name="successfully searched for a flight" classname="HomepageTest" time="0.057"><failure type="assertExists">successfully searched for a flight</failure></testcase><system-out></system-out></testsuite><testsuite name="SQLInjection Test" tests="4" failures="2" errors="0" time="2.541" timestamp="2014-10-31T01:49:48.150Z" package="SQLInjectionTest"><testcase name="title is as expected" classname="SQLInjectionTest" time="1.866"></testcase><testcase name="login link found" classname="SQLInjectionTest" time="0.609"></testcase><testcase name="email input exists" classname="SQLInjectionTest" time="0.063"><failure type="assertExists">email input exists</failure></testcase><testcase name="Cannot dispatch mousedown event on nonexistent selector: #button-1057" classname="SQLInjectionTest" time="0.003"><error type="object">CasperError: Cannot dispatch mousedown event on nonexistent selector: #button-1057
    at mouseEvent (/usr/local/lib/node_modules/casperjs/modules/casper.js:1355)
    at click (/usr/local/lib/node_modules/casperjs/modules/casper.js:462)
    at _step (/usr/local/lib/node_modules/casperjs/modules/casper.js:1793)
    at runStep (/usr/local/lib/node_modules/casperjs/modules/casper.js:1553)
    at checkStep (/usr/local/lib/node_modules/casperjs/modules/casper.js:399)</error><failure type="uncaughtError">Cannot dispatch mousedown event on nonexistent selector: #button-1057</failure></testcase><system-out></system-out></testsuite></testsuites>